[2026-05-14T12:54:00.636Z]
all import completed successfully [DRY-RUN]

[2026-05-14T12:54:13.392Z]
ERRORS:
policies: Unexpected end of JSON input
product:pillow-boomrang-earring: REST POST /products.json 400: {"errors":{"options":"expected Array to be a Hash"}}
product:pillow-studs: REST POST /products.json 400: {"errors":{"options":"expected Array to be a Hash"}}
product:pillow-bracelet-small: REST POST /products.json 400: {"errors":{"options":"expected Array to be a Hash"}}
product:pillow-13link-earring: REST POST /products.json 400: {"errors":{"options":"expected Array to be a Hash"}}
product:classic-pave-tennis-bracelet: REST POST /products.json 400: {"errors":{"options":"expected Array to be a Hash"}}
product:classic-solitaire-tennis-bracelet: REST POST /products.json 400: {"errors":{"options":"expected Array to be a Hash"}}
product:classic-diamond-pendant: REST POST /products.json 400: {"errors":{"options":"expected Array to be a Hash"}}
product:classic-pave-necklace: REST POST /products.json 400: {"errors":{"options":"expected Array to be a Hash"}}
product:classic-diamond-hoops: REST POST /products.json 400: {"errors":{"options":"expected Array to be a Hash"}}
product:classic-solitaire-hoops: REST POST /products.json 400: {"errors":{"options":"expected Array to be a Hash"}}
product:classic-diamond-studs: REST POST /products.json 400: {"errors":{"options":"expected Array to be a Hash"}}
product:classic-pave-studs: REST POST /products.json 400: {"errors":{"options":"expected Array to be a Hash"}}
product:classic-alliance-ring: REST POST /products.json 400: {"errors":{"options":"expected Array to be a Hash"}}
product:classic-pave-alliance-ring: REST POST /products.json 400: {"errors":{"options":"expected Array to be a Hash"}}
product:bridal-solitaire-ring: REST POST /products.json 400: {"errors":{"options":"expected Array to be a Hash"}}
product:bridal-pave-engagement-ring: REST POST /products.json 400: {"errors":{"options":"expected Array to be a Hash"}}
product:bridal-diamond-band: REST POST /products.json 400: {"errors":{"options":"expected Array to be a Hash"}}
menu:footer-menu-brand: [{"message":"MenuCreateInput isn't a defined input type (on $input)","locations":[{"line":2,"column":29}],"path":["mutation menuCreate"],"extensions":{"code":"variableRequiresValidType","typeName":"MenuCreateInput","variableName":"input"}},{"message":"Field 'menuCreate' is missing required arguments: title, handle, items","locations":[{"line":3,"column":11}],"path":["mutation menuCreate","menuCreate"],"extensions":{"code":"missingRequiredArguments","className":"Field","name":"menuCreate","arguments":"title, handle, items"}},{"message":"Field 'menuCreate' doesn't accept argument 'input'","locations":[{"line":3,"column":22}],"path":["mutation menuCreate","menuCreate","input"],"extensions":{"code":"argumentNotAccepted","name":"menuCreate","typeName":"Field","argumentName":"input"}},{"message":"Variable $input is declared by menuCreate but not used","locations":[{"line":2,"column":9}],"path":["mutation menuCreate"],"extensions":{"code":"variableNotUsed","variableName":"input"}}]
menu:footer-menu-care: [{"message":"MenuCreateInput isn't a defined input type (on $input)","locations":[{"line":2,"column":29}],"path":["mutation menuCreate"],"extensions":{"code":"variableRequiresValidType","typeName":"MenuCreateInput","variableName":"input"}},{"message":"Field 'menuCreate' is missing required arguments: title, handle, items","locations":[{"line":3,"column":11}],"path":["mutation menuCreate","menuCreate"],"extensions":{"code":"missingRequiredArguments","className":"Field","name":"menuCreate","arguments":"title, handle, items"}},{"message":"Field 'menuCreate' doesn't accept argument 'input'","locations":[{"line":3,"column":22}],"path":["mutation menuCreate","menuCreate","input"],"extensions":{"code":"argumentNotAccepted","name":"menuCreate","typeName":"Field","argumentName":"input"}},{"message":"Variable $input is declared by menuCreate but not used","locations":[{"line":2,"column":9}],"path":["mutation menuCreate"],"extensions":{"code":"variableNotUsed","variableName":"input"}}]

[2026-05-14T12:56:34.096Z]
products import completed successfully [APPLY]

[2026-05-14T12:56:51.600Z]
ERRORS:
policy:Legal notice: [{"message":"Field 'shopPolicyUpdate' is missing required arguments: shopPolicy","locations":[{"line":3,"column":11}],"path":["mutation shopPolicyUpdate","shopPolicyUpdate"],"extensions":{"code":"missingRequiredArguments","className":"Field","name":"shopPolicyUpdate","arguments":"shopPolicy"}},{"message":"Field 'shopPolicyUpdate' doesn't accept argument 'type'","locations":[{"line":3,"column":28}],"path":["mutation shopPolicyUpdate","shopPolicyUpdate","type"],"extensions":{"code":"argumentNotAccepted","name":"shopPolicyUpdate","typeName":"Field","argumentName":"type"}},{"message":"Field 'shopPolicyUpdate' doesn't accept argument 'body'","locations":[{"line":3,"column":41}],"path":["mutation shopPolicyUpdate","shopPolicyUpdate","body"],"extensions":{"code":"argumentNotAccepted","name":"shopPolicyUpdate","typeName":"Field","argumentName":"body"}},{"message":"Variable $type is declared by shopPolicyUpdate but not used","locations":[{"line":2,"column":9}],"path":["mutation shopPolicyUpdate"],"extensions":{"code":"variableNotUsed","variableName":"type"}},{"message":"Variable $body is declared by shopPolicyUpdate but not used","locations":[{"line":2,"column":9}],"path":["mutation shopPolicyUpdate"],"extensions":{"code":"variableNotUsed","variableName":"body"}}]
policy:Privacy policy: [{"message":"Field 'shopPolicyUpdate' is missing required arguments: shopPolicy","locations":[{"line":3,"column":11}],"path":["mutation shopPolicyUpdate","shopPolicyUpdate"],"extensions":{"code":"missingRequiredArguments","className":"Field","name":"shopPolicyUpdate","arguments":"shopPolicy"}},{"message":"Field 'shopPolicyUpdate' doesn't accept argument 'type'","locations":[{"line":3,"column":28}],"path":["mutation shopPolicyUpdate","shopPolicyUpdate","type"],"extensions":{"code":"argumentNotAccepted","name":"shopPolicyUpdate","typeName":"Field","argumentName":"type"}},{"message":"Field 'shopPolicyUpdate' doesn't accept argument 'body'","locations":[{"line":3,"column":41}],"path":["mutation shopPolicyUpdate","shopPolicyUpdate","body"],"extensions":{"code":"argumentNotAccepted","name":"shopPolicyUpdate","typeName":"Field","argumentName":"body"}},{"message":"Variable $type is declared by shopPolicyUpdate but not used","locations":[{"line":2,"column":9}],"path":["mutation shopPolicyUpdate"],"extensions":{"code":"variableNotUsed","variableName":"type"}},{"message":"Variable $body is declared by shopPolicyUpdate but not used","locations":[{"line":2,"column":9}],"path":["mutation shopPolicyUpdate"],"extensions":{"code":"variableNotUsed","variableName":"body"}}]
policy:Refund policy: [{"message":"Field 'shopPolicyUpdate' is missing required arguments: shopPolicy","locations":[{"line":3,"column":11}],"path":["mutation shopPolicyUpdate","shopPolicyUpdate"],"extensions":{"code":"missingRequiredArguments","className":"Field","name":"shopPolicyUpdate","arguments":"shopPolicy"}},{"message":"Field 'shopPolicyUpdate' doesn't accept argument 'type'","locations":[{"line":3,"column":28}],"path":["mutation shopPolicyUpdate","shopPolicyUpdate","type"],"extensions":{"code":"argumentNotAccepted","name":"shopPolicyUpdate","typeName":"Field","argumentName":"type"}},{"message":"Field 'shopPolicyUpdate' doesn't accept argument 'body'","locations":[{"line":3,"column":41}],"path":["mutation shopPolicyUpdate","shopPolicyUpdate","body"],"extensions":{"code":"argumentNotAccepted","name":"shopPolicyUpdate","typeName":"Field","argumentName":"body"}},{"message":"Variable $type is declared by shopPolicyUpdate but not used","locations":[{"line":2,"column":9}],"path":["mutation shopPolicyUpdate"],"extensions":{"code":"variableNotUsed","variableName":"type"}},{"message":"Variable $body is declared by shopPolicyUpdate but not used","locations":[{"line":2,"column":9}],"path":["mutation shopPolicyUpdate"],"extensions":{"code":"variableNotUsed","variableName":"body"}}]
policy:Terms of service: [{"message":"Field 'shopPolicyUpdate' is missing required arguments: shopPolicy","locations":[{"line":3,"column":11}],"path":["mutation shopPolicyUpdate","shopPolicyUpdate"],"extensions":{"code":"missingRequiredArguments","className":"Field","name":"shopPolicyUpdate","arguments":"shopPolicy"}},{"message":"Field 'shopPolicyUpdate' doesn't accept argument 'type'","locations":[{"line":3,"column":28}],"path":["mutation shopPolicyUpdate","shopPolicyUpdate","type"],"extensions":{"code":"argumentNotAccepted","name":"shopPolicyUpdate","typeName":"Field","argumentName":"type"}},{"message":"Field 'shopPolicyUpdate' doesn't accept argument 'body'","locations":[{"line":3,"column":41}],"path":["mutation shopPolicyUpdate","shopPolicyUpdate","body"],"extensions":{"code":"argumentNotAccepted","name":"shopPolicyUpdate","typeName":"Field","argumentName":"body"}},{"message":"Variable $type is declared by shopPolicyUpdate but not used","locations":[{"line":2,"column":9}],"path":["mutation shopPolicyUpdate"],"extensions":{"code":"variableNotUsed","variableName":"type"}},{"message":"Variable $body is declared by shopPolicyUpdate but not used","locations":[{"line":2,"column":9}],"path":["mutation shopPolicyUpdate"],"extensions":{"code":"variableNotUsed","variableName":"body"}}]

[2026-05-14T12:56:52.380Z]
menus import completed successfully [APPLY]

[2026-05-14T12:57:13.135Z]
ERRORS:
policy:Legal notice: [{"message":"Access denied for shopPolicyUpdate field. Required access: `write_legal_policies` access scope.","locations":[{"line":3,"column":11}],"extensions":{"code":"ACCESS_DENIED","documentation":"https://shopify.dev/api/usage/access-scopes","requiredAccess":"`write_legal_policies` access scope."},"path":["shopPolicyUpdate"]}]
policy:Privacy policy: [{"message":"Access denied for shopPolicyUpdate field. Required access: `write_legal_policies` access scope.","locations":[{"line":3,"column":11}],"extensions":{"code":"ACCESS_DENIED","documentation":"https://shopify.dev/api/usage/access-scopes","requiredAccess":"`write_legal_policies` access scope."},"path":["shopPolicyUpdate"]}]
policy:Refund policy: [{"message":"Access denied for shopPolicyUpdate field. Required access: `write_legal_policies` access scope.","locations":[{"line":3,"column":11}],"extensions":{"code":"ACCESS_DENIED","documentation":"https://shopify.dev/api/usage/access-scopes","requiredAccess":"`write_legal_policies` access scope."},"path":["shopPolicyUpdate"]}]
policy:Terms of service: [{"message":"Access denied for shopPolicyUpdate field. Required access: `write_legal_policies` access scope.","locations":[{"line":3,"column":11}],"extensions":{"code":"ACCESS_DENIED","documentation":"https://shopify.dev/api/usage/access-scopes","requiredAccess":"`write_legal_policies` access scope."},"path":["shopPolicyUpdate"]}]

